00:00:00.365317 VirtualBox GUI VM Selector Window 7.1.4 r165100 win.amd64 (Oct 10 2024 18:57:17) release log
00:00:00.365319 Log opened 2025-12-03T05:22:38.184257200Z
00:00:00.365319 Build Type: release
00:00:00.365322 OS Product: Windows 11
00:00:00.365322 OS Release: 10.0.26200
00:00:00.365323 OS Service Pack: 
00:00:00.383538 DMI Product Name: HP Pro Tower 280 G9 E PCI Desktop PC
00:00:00.388645 DMI Product Version:  
00:00:00.388651 Firmware type: UEFI
00:00:00.388985 Secure Boot: Enabled
00:00:00.388991 Host RAM: 16070MB (15.6GB) total, 9318MB (9.1GB) available
00:00:00.388994 Executable: C:\Program Files\Oracle\VirtualBox\VirtualBox.exe
00:00:00.388994 Process ID: 9444
00:00:00.388995 Package type: WINDOWS_64BITS_GENERIC
00:00:00.388995 Windows Features:
00:00:00.388995   Core Isolation (Memory Integrity): ENABLED
00:00:00.389118 Qt version: 6.5.3
00:00:00.389647 GUI: UIMediumEnumerator: Initial medium-enumeration finished!
00:00:07.457408 GUI: UICommon: Handling aboutToQuit request..
00:00:08.934739 GUI: UICommon: aboutToQuit request handled!
