00:00:00.001754 main     VirtualBox COM Server 7.1.4 r165100 win.amd64 (Oct 10 2024 18:57:17) release log
00:00:00.001757 main     Log opened 2025-12-03T05:22:37.943041200Z
00:00:00.001757 main     Build Type: release
00:00:00.001761 main     OS Product: Windows 11
00:00:00.001761 main     OS Release: 10.0.26200
00:00:00.001762 main     OS Service Pack: 
00:00:00.025128 main     DMI Product Name: HP Pro Tower 280 G9 E PCI Desktop PC
00:00:00.034066 main     DMI Product Version:  
00:00:00.034071 main     Firmware type: UEFI
00:00:00.034329 main     Secure Boot: Enabled
00:00:00.034337 main     Host RAM: 16070MB (15.6GB) total, 9359MB (9.1GB) available
00:00:00.034341 main     Executable: C:\Program Files\Oracle\VirtualBox\VBoxSVC.exe
00:00:00.034341 main     Process ID: 7988
00:00:00.034342 main     Package type: WINDOWS_64BITS_GENERIC
00:00:00.034343 main     Windows Features:
00:00:00.034344 main       Core Isolation (Memory Integrity): ENABLED
00:00:00.102659          VirtualBox: object creation starts
00:00:00.102858          Home directory: 'C:\Users\klebc\.VirtualBox'
00:00:00.102964          Installed Drivers:
00:00:00.112415          Loading settings file "C:\Users\klebc\.VirtualBox\VirtualBox.xml" with version "1.12-windows"
00:00:00.113827          usbLibGetDevices: Starting USB device enumeration
00:00:00.121872          Getting USB descriptor (id 0) failed (dwErr=31) on hub USB#ROOT_HUB30#4&231bf709&0&0#{f18a0e88-c30c-11d0-8815-00a0c906bed8} port 14
00:00:00.123241          usbLibGetDevices: Found 3 USB devices, 0 captured
00:00:00.123298          USB: Unknown USB device detected (idVendor: 0x0bda, idProduct: 0xb85c)
00:00:00.150237          HostDnsMonitor: initializing
00:00:00.156342          HostDnsMonitor: updating information
00:00:00.156361          HostDnsMonitor: old information
00:00:00.156362            no server entries
00:00:00.156362            no domain set
00:00:00.156363            no search string entries
00:00:00.156363          HostDnsMonitor: new information
00:00:00.156363            server 1: 192.168.111.1
00:00:00.156364            no domain set
00:00:00.156364            no search string entries
00:00:00.158223          VD: VDInit finished with VINF_SUCCESS
00:00:00.159299          Platform architecture set to 'x86'
00:00:00.159804          Loading settings file "C:\Users\klebc\VirtualBox VMs\FEDORA\FEDORA.vbox" with version "1.19-windows"
00:00:00.160038          Platform architecture set to 'x86'
00:00:00.160594          VirtualBox: object created
00:00:00.281877          Launched VM: 1495124656 pid: 19864 (0x4d98) frontend: GUI/Qt name: FEDORA
00:00:00.302248          Saving settings file "C:\Users\klebc\.VirtualBox\VirtualBox.xml" with version "1.12-windows"
00:00:00.304407          Finished saving settings file "C:\Users\klebc\.VirtualBox\VirtualBox.xml"
00:00:00.304530          Saving settings file "C:\Users\klebc\.VirtualBox\VirtualBox.xml" with version "1.12-windows"
00:00:00.306210          Finished saving settings file "C:\Users\klebc\.VirtualBox\VirtualBox.xml"
00:00:00.306322          Saving settings file "C:\Users\klebc\.VirtualBox\VirtualBox.xml" with version "1.12-windows"
00:00:00.308043          Finished saving settings file "C:\Users\klebc\.VirtualBox\VirtualBox.xml"
00:00:05.086464          Platform architecture set to 'x86'
00:00:05.670343          ERROR [COM]: aRC=VBOX_E_OBJECT_NOT_FOUND (0x80bb0001) aIID={70401eef-c8e9-466b-9660-45cb3e9979e4} aComponent={ExtPackManagerWrap} aText={No extension pack by the name 'Oracle VirtualBox Extension Pack' was found}, preserve=false aResultDetail=0
00:00:05.753082          ERROR [COM]: aRC=E_FAIL (0x80004005) aIID={bea3ef5c-de2f-4b74-aa3a-15d6249371a0} aComponent={RecordingSettingsWrap} aText={Recording not started}, preserve=false aResultDetail=0
00:00:06.562823          ERROR [COM]: aRC=E_FAIL (0x80004005) aIID={bea3ef5c-de2f-4b74-aa3a-15d6249371a0} aComponent={RecordingSettingsWrap} aText={Recording not started}, preserve=false aResultDetail=0
00:00:06.569339          ERROR [COM]: aRC=VBOX_E_INVALID_VM_STATE (0x80bb0002) aIID={e36a5081-a82a-40bd-9e4e-42a44d6ce50f} aComponent={SessionMachine} aText={The machine is not mutable or saved (state is Starting)}, preserve=false aResultDetail=0
00:00:06.637313          ERROR [COM]: aRC=VBOX_E_INVALID_VM_STATE (0x80bb0002) aIID={e36a5081-a82a-40bd-9e4e-42a44d6ce50f} aComponent={SessionMachine} aText={The machine is not mutable or saved (state is Starting)}, preserve=false aResultDetail=0
00:00:07.322442          ERROR [COM]: aRC=VBOX_E_OBJECT_NOT_FOUND (0x80bb0001) aIID={7d510820-a678-4730-a862-818dcd3fbed0} aComponent={MediumWrap} aText={Property 'CRYPT/KeyId' does not exist}, preserve=false aResultDetail=0
00:00:07.322782          ERROR [COM]: aRC=VBOX_E_OBJECT_NOT_FOUND (0x80bb0001) aIID={7d510820-a678-4730-a862-818dcd3fbed0} aComponent={MediumWrap} aText={Property 'CRYPT/KeyId' does not exist}, preserve=false aResultDetail=0
00:00:07.323210          HostDnsMonitorProxy::GetDomainName: no domain set
00:00:07.323249          HostDnsMonitorProxy::GetNameServers:
00:00:07.323255            name server 1: 192.168.111.1
00:00:07.323285          HostDnsMonitorProxy::GetSearchStrings:
00:00:07.323290            no search string entries
00:00:07.340924          ERROR [COM]: aRC=E_FAIL (0x80004005) aIID={bea3ef5c-de2f-4b74-aa3a-15d6249371a0} aComponent={RecordingSettingsWrap} aText={Recording not started}, preserve=false aResultDetail=0
00:01:12.910351 USBPROXY usbLibGetDevices: Starting USB device enumeration
00:01:12.918607 USBPROXY Getting USB descriptor (id 0) failed (dwErr=31) on hub USB#ROOT_HUB30#4&231bf709&0&0#{f18a0e88-c30c-11d0-8815-00a0c906bed8} port 14
00:01:12.918881 USBPROXY usbLibGetDevices: Found 3 USB devices, 0 captured
00:07:22.347153 USBPROXY usbLibGetDevices: Starting USB device enumeration
00:07:22.357233 USBPROXY usbLibGetDevices: Found 3 USB devices, 0 captured
00:07:23.479384 USBPROXY usbLibGetDevices: Starting USB device enumeration
00:07:23.495252 USBPROXY usbLibGetDevices: Found 3 USB devices, 0 captured
00:29:03.834814          ERROR [COM]: aRC=E_FAIL (0x80004005) aIID={bea3ef5c-de2f-4b74-aa3a-15d6249371a0} aComponent={RecordingSettingsWrap} aText={Recording not started}, preserve=false aResultDetail=0
00:29:09.069692          ERROR [COM]: aRC=E_FAIL (0x80004005) aIID={bea3ef5c-de2f-4b74-aa3a-15d6249371a0} aComponent={RecordingSettingsWrap} aText={Recording not started}, preserve=false aResultDetail=0
00:29:09.092605          Saving settings file "C:\Users\klebc\VirtualBox VMs\FEDORA\FEDORA.vbox" with version "1.19-windows"
00:29:09.096647          Finished saving settings file "C:\Users\klebc\VirtualBox VMs\FEDORA\FEDORA.vbox"
00:29:09.105409          ERROR [COM]: aRC=E_FAIL (0x80004005) aIID={bea3ef5c-de2f-4b74-aa3a-15d6249371a0} aComponent={RecordingSettingsWrap} aText={Recording not started}, preserve=false aResultDetail=0
00:29:09.161234          ERROR [COM]: aRC=E_INVALIDARG (0x80070057) aIID={e36a5081-a82a-40bd-9e4e-42a44d6ce50f} aComponent={SessionMachine} aText={Properties with TRANSIENT or TRANSRESET flag cannot be set or modified if VM is not running}, preserve=false aResultDetail=0
00:29:15.153510 main     VirtualBox: object deletion starts
00:29:15.153575 main     ERROR [COM]: aRC=VBOX_E_OBJECT_IN_USE (0x80bb000c) aIID={7d510820-a678-4730-a862-818dcd3fbed0} aComponent={MediumWrap} aText={Medium 'C:\Users\klebc\VirtualBox VMs\FEDORA\FEDORA.vdi' cannot be closed because it is still attached to 1 virtual machines}, preserve=false aResultDetail=0
00:29:15.157920 main     HostDnsMonitor: shutting down ...
00:29:15.158001 main     HostDnsMonitor: shut down
00:29:15.159850 Watcher  ERROR [COM]: aRC=E_ACCESSDENIED (0x80070005) aIID={d644ad1e-c501-4fc7-9ab6-aa6d763bc540} aComponent={VirtualBoxWrap} aText={The object is not ready}, preserve=false aResultDetail=0
00:29:15.159977 main     VirtualBox: object deleted
